2018-11-16 10:24:28 INFO  MyBikeImpl:29 addUser - user es null
2018-11-16 10:24:28 INFO  MyBikeImpl:29 addUser - user es null
2018-11-16 10:24:28 INFO  MyBikeImpl:29 addUser - user es null
2018-11-16 10:24:28 INFO  MyBikeImpl:29 addUser - user es null
2018-11-16 10:24:28 INFO  MyBikeImpl:29 addUser - user es null
2018-11-16 10:24:28 INFO  MyBikeImpl:29 addUser - user es null
2018-11-16 10:24:28 INFO  MyBikeImpl:29 addUser - user es null
2018-11-16 10:24:28 INFO  MyBikeImpl:29 addUser - user es null
2018-11-16 10:25:12 INFO  MyBikeImpl:29 addUser - user no es null
2018-11-16 10:25:12 INFO  MyBikeImpl:29 addUser - user no es null
2018-11-16 10:25:13 INFO  MyBikeImpl:29 addUser - user no es null
2018-11-16 10:25:13 INFO  MyBikeImpl:29 addUser - user no es null
2018-11-16 10:25:13 INFO  MyBikeImpl:29 addUser - user no es null
2018-11-16 10:25:13 INFO  MyBikeImpl:29 addUser - user no es null
2018-11-16 10:25:13 INFO  MyBikeImpl:29 addUser - user no es null
2018-11-16 10:25:13 INFO  MyBikeImpl:29 addUser - user no es null
2018-11-16 10:25:30 INFO  MyBikeImpl:29 addUser - user no es null
2018-11-16 10:25:30 INFO  MyBikeImpl:29 addUser - user no es null
2018-11-16 10:25:30 INFO  MyBikeImpl:29 addUser - user no es null
2018-11-16 10:25:30 INFO  MyBikeImpl:29 addUser - user no es null
2018-11-16 10:25:30 INFO  MyBikeImpl:29 addUser - user no es null
2018-11-16 10:25:30 INFO  MyBikeImpl:29 addUser - user no es null
2018-11-16 10:25:30 INFO  MyBikeImpl:29 addUser - user no es null
2018-11-16 10:28:40 INFO  MyBikeImpl:29 addUser - user no es null
2018-11-16 10:28:40 INFO  MyBikeImpl:29 addUser - user no es null
2018-11-16 10:28:40 INFO  MyBikeImpl:29 addUser - user no es null
2018-11-16 10:28:41 INFO  MyBikeImpl:29 addUser - user no es null
2018-11-16 10:28:41 INFO  MyBikeImpl:29 addUser - user no es null
2018-11-16 10:28:41 INFO  MyBikeImpl:29 addUser - user no es null
2018-11-16 10:28:41 INFO  MyBikeImpl:29 addUser - user no es null
2018-11-16 10:28:41 INFO  MyBikeImpl:29 addUser - user no es null
2018-11-16 11:55:32 INFO  MyBikeImpl:30 addUser - addUser completed
2018-11-16 11:55:32 INFO  MyBikeImpl:30 addUser - addUser completed
2018-11-16 11:55:32 INFO  MyBikeImpl:30 addUser - addUser completed
2018-11-16 11:55:32 INFO  MyBikeImpl:30 addUser - addUser completed
2018-11-16 11:55:32 INFO  MyBikeImpl:30 addUser - addUser completed
2018-11-16 11:55:32 INFO  MyBikeImpl:30 addUser - addUser completed
2018-11-16 11:55:32 INFO  MyBikeImpl:30 addUser - addUser completed
2018-11-16 11:55:32 INFO  MyBikeImpl:30 addUser - addUser completed
2018-11-16 11:56:45 INFO  MyBikeImpl:30 addUser - addUser completed
2018-11-16 11:56:45 INFO  MyBikeImpl:30 addUser - addUser completed
2018-11-16 11:56:45 INFO  MyBikeImpl:30 addUser - addUser completed
2018-11-16 11:56:45 INFO  MyBikeImpl:30 addUser - addUser completed
2018-11-16 11:56:45 INFO  MyBikeImpl:30 addUser - addUser completed
2018-11-16 11:56:45 INFO  MyBikeImpl:30 addUser - addUser completed
2018-11-16 11:56:45 INFO  MyBikeImpl:30 addUser - addUser completed
2018-11-16 11:56:45 INFO  MyBikeImpl:30 addUser - addUser completed
2018-11-16 11:57:11 INFO  MyBikeImpl:30 addUser - addUser completed
2018-11-16 11:57:11 INFO  MyBikeImpl:30 addUser - addUser completed
2018-11-16 11:57:11 INFO  MyBikeImpl:30 addUser - addUser completed
2018-11-16 11:57:11 INFO  MyBikeImpl:30 addUser - addUser completed
2018-11-16 11:57:11 INFO  MyBikeImpl:30 addUser - addUser completed
2018-11-16 11:57:11 INFO  MyBikeImpl:30 addUser - addUser completed
2018-11-16 11:57:11 INFO  MyBikeImpl:30 addUser - addUser completed
2018-11-16 11:57:11 INFO  MyBikeImpl:30 addUser - addUser completed
2018-11-16 12:34:26 INFO  MyBikeImpl:30 addUser - addUser completed
2018-11-16 12:34:26 INFO  MyBikeImpl:30 addUser - addUser completed
2018-11-16 12:34:26 INFO  MyBikeImpl:30 addUser - addUser completed
2018-11-16 12:34:26 INFO  MyBikeImpl:30 addUser - addUser completed
2018-11-16 12:34:26 INFO  MyBikeImpl:30 addUser - addUser completed
2018-11-16 12:34:26 INFO  MyBikeImpl:30 addUser - addUser completed
2018-11-16 12:34:26 INFO  MyBikeImpl:30 addUser - addUser completed
2018-11-16 12:34:26 INFO  MyBikeImpl:30 addUser - addUser completed
2018-11-16 12:38:36 INFO  MyBikeImpl:30 addUser - addUser completed
2018-11-16 12:38:36 INFO  MyBikeImpl:30 addUser - addUser completed
2018-11-16 12:38:36 INFO  MyBikeImpl:30 addUser - addUser completed
2018-11-16 12:38:36 INFO  MyBikeImpl:30 addUser - addUser completed
2018-11-16 12:38:36 INFO  MyBikeImpl:30 addUser - addUser completed
2018-11-16 12:38:36 INFO  MyBikeImpl:30 addUser - addUser completed
2018-11-16 12:38:36 INFO  MyBikeImpl:30 addUser - addUser completed
2018-11-16 12:38:36 INFO  MyBikeImpl:30 addUser - addUser completed
2018-11-16 16:40:01 INFO  MyBikeImpl:34 addUser - addUser completed
2018-11-16 16:40:01 INFO  MyBikeImpl:34 addUser - addUser completed
2018-11-16 16:40:01 INFO  MyBikeImpl:34 addUser - addUser completed
2018-11-16 16:40:01 INFO  MyBikeImpl:34 addUser - addUser completed
2018-11-16 16:40:01 INFO  MyBikeImpl:34 addUser - addUser completed
2018-11-16 16:40:01 INFO  MyBikeImpl:34 addUser - addUser completed
2018-11-16 16:40:01 INFO  MyBikeImpl:34 addUser - addUser completed
2018-11-16 16:40:01 INFO  MyBikeImpl:34 addUser - addUser completed
2018-11-16 16:41:41 INFO  MyBikeImpl:34 addUser - addUser completed
2018-11-16 16:41:41 INFO  MyBikeImpl:34 addUser - addUser completed
2018-11-16 16:41:41 INFO  MyBikeImpl:34 addUser - addUser completed
2018-11-16 16:41:41 INFO  MyBikeImpl:34 addUser - addUser completed
2018-11-16 16:41:41 INFO  MyBikeImpl:34 addUser - addUser completed
2018-11-16 16:41:41 INFO  MyBikeImpl:34 addUser - addUser completed
2018-11-16 16:41:41 INFO  MyBikeImpl:34 addUser - addUser completed
2018-11-16 16:41:41 INFO  MyBikeImpl:34 addUser - addUser completed
2018-11-16 16:46:18 INFO  MyBikeImpl:34 addUser - addUser completed
2018-11-16 16:46:18 INFO  MyBikeImpl:40 addStation - number of stations0
2018-11-16 16:46:18 INFO  MyBikeImpl:40 addStation - number of stations1
2018-11-16 16:46:18 INFO  MyBikeImpl:34 addUser - addUser completed
2018-11-16 16:46:18 INFO  MyBikeImpl:34 addUser - addUser completed
2018-11-16 16:46:18 INFO  MyBikeImpl:40 addStation - number of stations2
2018-11-16 16:46:18 INFO  MyBikeImpl:40 addStation - number of stations3
2018-11-16 16:46:18 INFO  MyBikeImpl:34 addUser - addUser completed
2018-11-16 16:46:18 INFO  MyBikeImpl:40 addStation - number of stations4
2018-11-16 16:46:18 INFO  MyBikeImpl:40 addStation - number of stations5
2018-11-16 16:46:18 INFO  MyBikeImpl:34 addUser - addUser completed
2018-11-16 16:46:18 INFO  MyBikeImpl:40 addStation - number of stations6
2018-11-16 16:46:18 INFO  MyBikeImpl:40 addStation - number of stations7
2018-11-16 16:46:18 INFO  MyBikeImpl:34 addUser - addUser completed
2018-11-16 16:46:18 INFO  MyBikeImpl:40 addStation - number of stations8
2018-11-16 16:46:18 INFO  MyBikeImpl:40 addStation - number of stations9
2018-11-16 16:46:18 INFO  MyBikeImpl:34 addUser - addUser completed
2018-11-16 16:46:18 INFO  MyBikeImpl:40 addStation - number of stations10
2018-11-16 16:46:18 INFO  MyBikeImpl:34 addUser - addUser completed
2018-11-16 16:46:18 INFO  MyBikeImpl:40 addStation - number of stations10
2018-11-16 16:47:46 INFO  MyBikeImpl:34 addUser - addUser completed
2018-11-16 16:47:46 INFO  MyBikeImpl:40 addStation - number of stations0
2018-11-16 16:47:46 INFO  MyBikeImpl:40 addStation - number of stations1
2018-11-16 16:47:46 INFO  MyBikeImpl:34 addUser - addUser completed
2018-11-16 16:47:46 INFO  MyBikeImpl:34 addUser - addUser completed
2018-11-16 16:47:46 INFO  MyBikeImpl:40 addStation - number of stations2
2018-11-16 16:47:46 INFO  MyBikeImpl:40 addStation - number of stations3
2018-11-16 16:47:46 INFO  MyBikeImpl:34 addUser - addUser completed
2018-11-16 16:47:46 INFO  MyBikeImpl:40 addStation - number of stations4
2018-11-16 16:47:46 INFO  MyBikeImpl:40 addStation - number of stations5
2018-11-16 16:47:46 INFO  MyBikeImpl:34 addUser - addUser completed
2018-11-16 16:47:46 INFO  MyBikeImpl:40 addStation - number of stations6
2018-11-16 16:47:46 INFO  MyBikeImpl:40 addStation - number of stations7
2018-11-16 16:47:46 INFO  MyBikeImpl:34 addUser - addUser completed
2018-11-16 16:47:46 INFO  MyBikeImpl:40 addStation - number of stations8
2018-11-16 16:47:46 INFO  MyBikeImpl:40 addStation - number of stations9
2018-11-16 16:47:46 INFO  MyBikeImpl:34 addUser - addUser completed
2018-11-16 16:47:46 INFO  MyBikeImpl:40 addStation - number of stations10
2018-11-16 16:47:46 INFO  MyBikeImpl:34 addUser - addUser completed
2018-11-16 16:47:46 INFO  MyBikeImpl:40 addStation - number of stations10
2018-11-16 16:50:12 INFO  MyBikeImpl:34 addUser - addUser completed
2018-11-16 16:50:12 INFO  MyBikeImpl:40 addStation - number of stations0
2018-11-16 16:50:12 INFO  MyBikeImpl:40 addStation - number of stations0
2018-11-16 16:50:12 INFO  MyBikeImpl:34 addUser - addUser completed
2018-11-16 16:50:12 INFO  MyBikeImpl:40 addStation - number of stations0
2018-11-16 16:50:12 INFO  MyBikeImpl:40 addStation - number of stations0
2018-11-16 16:50:12 INFO  MyBikeImpl:34 addUser - addUser completed
2018-11-16 16:50:12 INFO  MyBikeImpl:40 addStation - number of stations0
2018-11-16 16:50:12 INFO  MyBikeImpl:40 addStation - number of stations0
2018-11-16 16:50:12 INFO  MyBikeImpl:34 addUser - addUser completed
2018-11-16 16:50:12 INFO  MyBikeImpl:40 addStation - number of stations0
2018-11-16 16:50:12 INFO  MyBikeImpl:40 addStation - number of stations0
2018-11-16 16:50:12 INFO  MyBikeImpl:34 addUser - addUser completed
2018-11-16 16:50:12 INFO  MyBikeImpl:40 addStation - number of stations0
2018-11-16 16:50:12 INFO  MyBikeImpl:40 addStation - number of stations0
2018-11-16 16:50:12 INFO  MyBikeImpl:34 addUser - addUser completed
2018-11-16 16:50:12 INFO  MyBikeImpl:40 addStation - number of stations0
2018-11-16 16:50:12 INFO  MyBikeImpl:40 addStation - number of stations0
2018-11-16 16:50:12 INFO  MyBikeImpl:34 addUser - addUser completed
2018-11-16 16:50:12 INFO  MyBikeImpl:40 addStation - number of stations0
2018-11-16 16:50:12 INFO  MyBikeImpl:40 addStation - number of stations0
2018-11-16 16:50:31 INFO  MyBikeImpl:34 addUser - addUser completed
2018-11-16 16:50:31 INFO  MyBikeImpl:40 addStation - number of stations0
2018-11-16 16:50:31 INFO  MyBikeImpl:40 addStation - number of stations1
2018-11-16 16:50:31 INFO  MyBikeImpl:34 addUser - addUser completed
2018-11-16 16:50:31 INFO  MyBikeImpl:34 addUser - addUser completed
2018-11-16 16:50:31 INFO  MyBikeImpl:40 addStation - number of stations2
2018-11-16 16:50:31 INFO  MyBikeImpl:40 addStation - number of stations3
2018-11-16 16:50:31 INFO  MyBikeImpl:34 addUser - addUser completed
2018-11-16 16:50:31 INFO  MyBikeImpl:40 addStation - number of stations4
2018-11-16 16:50:31 INFO  MyBikeImpl:40 addStation - number of stations5
2018-11-16 16:50:31 INFO  MyBikeImpl:34 addUser - addUser completed
2018-11-16 16:50:31 INFO  MyBikeImpl:40 addStation - number of stations6
2018-11-16 16:50:31 INFO  MyBikeImpl:40 addStation - number of stations7
2018-11-16 16:50:31 INFO  MyBikeImpl:34 addUser - addUser completed
2018-11-16 16:50:31 INFO  MyBikeImpl:40 addStation - number of stations8
2018-11-16 16:50:31 INFO  MyBikeImpl:40 addStation - number of stations9
2018-11-16 16:50:31 INFO  MyBikeImpl:34 addUser - addUser completed
2018-11-16 16:50:31 INFO  MyBikeImpl:40 addStation - number of stations10
2018-11-16 16:50:31 INFO  MyBikeImpl:34 addUser - addUser completed
2018-11-16 16:50:31 INFO  MyBikeImpl:40 addStation - number of stations10
2018-11-16 18:20:17 INFO  MyBikeImpl:34 addUser - addUser completed
2018-11-16 18:20:17 INFO  MyBikeImpl:40 addStation - number of stations0
2018-11-16 18:20:17 INFO  MyBikeImpl:40 addStation - number of stations1
2018-11-16 18:20:17 INFO  MyBikeImpl:34 addUser - addUser completed
2018-11-16 18:20:17 INFO  MyBikeImpl:34 addUser - addUser completed
2018-11-16 18:20:17 INFO  MyBikeImpl:40 addStation - number of stations2
2018-11-16 18:20:17 INFO  MyBikeImpl:40 addStation - number of stations3
2018-11-16 18:20:17 INFO  MyBikeImpl:34 addUser - addUser completed
2018-11-16 18:20:17 INFO  MyBikeImpl:40 addStation - number of stations4
2018-11-16 18:20:17 INFO  MyBikeImpl:40 addStation - number of stations5
2018-11-16 18:20:17 INFO  MyBikeImpl:34 addUser - addUser completed
2018-11-16 18:20:17 INFO  MyBikeImpl:40 addStation - number of stations6
2018-11-16 18:20:17 INFO  MyBikeImpl:40 addStation - number of stations7
2018-11-16 18:20:17 INFO  MyBikeImpl:34 addUser - addUser completed
2018-11-16 18:20:17 INFO  MyBikeImpl:40 addStation - number of stations8
2018-11-16 18:20:17 INFO  MyBikeImpl:40 addStation - number of stations9
2018-11-16 18:20:17 INFO  MyBikeImpl:34 addUser - addUser completed
2018-11-16 18:20:17 INFO  MyBikeImpl:40 addStation - number of stations10
2018-11-16 18:20:17 INFO  MyBikeImpl:34 addUser - addUser completed
2018-11-16 18:20:17 INFO  MyBikeImpl:40 addStation - number of stations10
2018-11-16 18:22:49 INFO  MyBikeImpl:34 addUser - addUser completed
2018-11-16 18:22:49 INFO  MyBikeImpl:40 addStation - number of stations0
2018-11-16 18:22:49 INFO  MyBikeImpl:40 addStation - number of stations1
2018-11-16 18:22:49 INFO  MyBikeImpl:34 addUser - addUser completed
2018-11-16 18:22:49 INFO  MyBikeImpl:34 addUser - addUser completed
2018-11-16 18:22:49 INFO  MyBikeImpl:40 addStation - number of stations2
2018-11-16 18:22:49 INFO  MyBikeImpl:40 addStation - number of stations3
2018-11-16 18:22:49 INFO  MyBikeImpl:34 addUser - addUser completed
2018-11-16 18:22:49 INFO  MyBikeImpl:40 addStation - number of stations4
2018-11-16 18:22:49 INFO  MyBikeImpl:40 addStation - number of stations5
2018-11-16 18:22:49 INFO  MyBikeImpl:34 addUser - addUser completed
2018-11-16 18:22:49 INFO  MyBikeImpl:40 addStation - number of stations6
2018-11-16 18:22:49 INFO  MyBikeImpl:40 addStation - number of stations7
2018-11-16 18:22:49 INFO  MyBikeImpl:34 addUser - addUser completed
2018-11-16 18:22:49 INFO  MyBikeImpl:40 addStation - number of stations8
2018-11-16 18:22:49 INFO  MyBikeImpl:40 addStation - number of stations9
2018-11-16 18:22:49 INFO  MyBikeImpl:34 addUser - addUser completed
2018-11-16 18:22:49 INFO  MyBikeImpl:40 addStation - number of stations10
2018-11-16 18:22:49 INFO  MyBikeImpl:34 addUser - addUser completed
2018-11-16 18:22:49 INFO  MyBikeImpl:40 addStation - number of stations10
2018-11-16 18:25:17 INFO  MyBikeImpl:34 addUser - addUser completed
2018-11-16 18:25:17 INFO  MyBikeImpl:40 addStation - number of stations0
2018-11-16 18:25:17 INFO  MyBikeImpl:40 addStation - number of stations1
2018-11-16 18:25:17 INFO  MyBikeImpl:34 addUser - addUser completed
2018-11-16 18:25:17 INFO  MyBikeImpl:34 addUser - addUser completed
2018-11-16 18:25:17 INFO  MyBikeImpl:40 addStation - number of stations0
2018-11-16 18:25:17 INFO  MyBikeImpl:40 addStation - number of stations1
2018-11-16 18:25:17 INFO  MyBikeImpl:40 addStation - number of stations2
2018-11-16 18:25:17 INFO  MyBikeImpl:34 addUser - addUser completed
2018-11-16 18:25:17 INFO  MyBikeImpl:40 addStation - number of stations0
2018-11-16 18:25:17 INFO  MyBikeImpl:40 addStation - number of stations1
2018-11-16 18:25:17 INFO  MyBikeImpl:34 addUser - addUser completed
2018-11-16 18:25:17 INFO  MyBikeImpl:40 addStation - number of stations0
2018-11-16 18:25:17 INFO  MyBikeImpl:40 addStation - number of stations1
2018-11-16 18:25:17 INFO  MyBikeImpl:40 addStation - number of stations2
2018-11-16 18:25:17 INFO  MyBikeImpl:34 addUser - addUser completed
2018-11-16 18:25:17 INFO  MyBikeImpl:40 addStation - number of stations0
2018-11-16 18:25:17 INFO  MyBikeImpl:40 addStation - number of stations1
2018-11-16 18:25:17 ERROR MyBikeImpl:73 addBike - The station is full
2018-11-16 18:25:17 INFO  MyBikeImpl:34 addUser - addUser completed
2018-11-16 18:25:17 INFO  MyBikeImpl:40 addStation - number of stations0
2018-11-16 18:25:17 INFO  MyBikeImpl:40 addStation - number of stations1
2018-11-16 18:25:17 INFO  MyBikeImpl:34 addUser - addUser completed
2018-11-16 18:25:17 INFO  MyBikeImpl:40 addStation - number of stations0
2018-11-16 18:25:17 INFO  MyBikeImpl:40 addStation - number of stations1
2018-11-16 18:28:07 INFO  MyBikeImpl:34 addUser - addUser completed
2018-11-16 18:28:07 INFO  MyBikeImpl:40 addStation - number of stations0
2018-11-16 18:28:07 INFO  MyBikeImpl:40 addStation - number of stations1
2018-11-16 18:28:07 INFO  MyBikeImpl:34 addUser - addUser completed
2018-11-16 18:28:07 INFO  MyBikeImpl:34 addUser - addUser completed
2018-11-16 18:28:07 INFO  MyBikeImpl:40 addStation - number of stations0
2018-11-16 18:28:07 INFO  MyBikeImpl:40 addStation - number of stations1
2018-11-16 18:28:07 INFO  MyBikeImpl:40 addStation - number of stations2
2018-11-16 18:28:07 INFO  MyBikeImpl:34 addUser - addUser completed
2018-11-16 18:28:07 INFO  MyBikeImpl:40 addStation - number of stations0
2018-11-16 18:28:07 INFO  MyBikeImpl:40 addStation - number of stations1
2018-11-16 18:28:07 INFO  MyBikeImpl:34 addUser - addUser completed
2018-11-16 18:28:07 INFO  MyBikeImpl:40 addStation - number of stations0
2018-11-16 18:28:07 INFO  MyBikeImpl:40 addStation - number of stations1
2018-11-16 18:28:07 INFO  MyBikeImpl:40 addStation - number of stations2
2018-11-16 18:28:07 ERROR MyBikeImpl:73 addBike - The station is full
2018-11-16 18:28:07 INFO  MyBikeImpl:34 addUser - addUser completed
2018-11-16 18:28:07 INFO  MyBikeImpl:40 addStation - number of stations0
2018-11-16 18:28:07 INFO  MyBikeImpl:40 addStation - number of stations1
2018-11-16 18:28:07 ERROR MyBikeImpl:78 addBike - Station doesn't exist
2018-11-16 18:28:07 INFO  MyBikeImpl:34 addUser - addUser completed
2018-11-16 18:28:07 INFO  MyBikeImpl:40 addStation - number of stations0
2018-11-16 18:28:07 INFO  MyBikeImpl:40 addStation - number of stations1
2018-11-16 18:28:07 INFO  MyBikeImpl:34 addUser - addUser completed
2018-11-16 18:28:08 INFO  MyBikeImpl:40 addStation - number of stations0
2018-11-16 18:28:08 INFO  MyBikeImpl:40 addStation - number of stations1
2018-11-16 18:28:58 INFO  MyBikeImpl:40 addStation - number of stations0
2018-11-16 18:33:49 INFO  MyBikeImpl:40 addStation - number of stations0
2018-11-16 18:38:40 INFO  MyBikeImpl:40 addStation - number of stations0
2018-11-16 18:40:41 INFO  MyBikeImpl:40 addStation - number of stations0
